C:\Program Files (x86)\Microsoft Visual Studio\2017\Community\Common7\IDE\VC\VCTargets\Microsoft.Cpp.Common.props(144,5): warning MSB4211: Dla właściwości WindowsTargetPlatformVersion po raz pierwszy jest ustawiana jakaś wartość, a tymczasem właściwość ta była już wykorzystywana w C:\Program Files (x86)\Microsoft Visual Studio\2017\Community\Common7\IDE\VC\VCTargets\Microsoft.Cpp.WindowsSDK.props (29,5).
  stb_image_aug.c
c:\users\klaudia\desktop\simple opengl image library\src\stb_image_aug.c(177): warning C4996: 'fopen': This function or variable may be unsafe. Consider using fopen_s instead. To disable deprecation, use _CRT_SECURE_NO_WARNINGS. See online help for details.
  c:\program files (x86)\windows kits\10\include\10.0.10240.0\ucrt\stdio.h(205): note: zobacz deklarację „fopen”
c:\users\klaudia\desktop\simple opengl image library\src\stb_image_aug.c(251): warning C4996: 'fopen': This function or variable may be unsafe. Consider using fopen_s instead. To disable deprecation, use _CRT_SECURE_NO_WARNINGS. See online help for details.
  c:\program files (x86)\windows kits\10\include\10.0.10240.0\ucrt\stdio.h(205): note: zobacz deklarację „fopen”
c:\users\klaudia\desktop\simple opengl image library\src\stb_image_aug.c(303): warning C4996: 'fopen': This function or variable may be unsafe. Consider using fopen_s instead. To disable deprecation, use _CRT_SECURE_NO_WARNINGS. See online help for details.
  c:\program files (x86)\windows kits\10\include\10.0.10240.0\ucrt\stdio.h(205): note: zobacz deklarację „fopen”
c:\users\klaudia\desktop\simple opengl image library\src\stb_image_aug.c(1557): warning C4996: 'fopen': This function or variable may be unsafe. Consider using fopen_s instead. To disable deprecation, use _CRT_SECURE_NO_WARNINGS. See online help for details.
  c:\program files (x86)\windows kits\10\include\10.0.10240.0\ucrt\stdio.h(205): note: zobacz deklarację „fopen”
c:\users\klaudia\desktop\simple opengl image library\src\stb_image_aug.c(2394): warning C4996: 'fopen': This function or variable may be unsafe. Consider using fopen_s instead. To disable deprecation, use _CRT_SECURE_NO_WARNINGS. See online help for details.
  c:\program files (x86)\windows kits\10\include\10.0.10240.0\ucrt\stdio.h(205): note: zobacz deklarację „fopen”
c:\users\klaudia\desktop\simple opengl image library\src\stb_image_aug.c(2709): warning C4996: 'fopen': This function or variable may be unsafe. Consider using fopen_s instead. To disable deprecation, use _CRT_SECURE_NO_WARNINGS. See online help for details.
  c:\program files (x86)\windows kits\10\include\10.0.10240.0\ucrt\stdio.h(205): note: zobacz deklarację „fopen”
c:\users\klaudia\desktop\simple opengl image library\src\stb_image_aug.c(2995): warning C4996: 'fopen': This function or variable may be unsafe. Consider using fopen_s instead. To disable deprecation, use _CRT_SECURE_NO_WARNINGS. See online help for details.
  c:\program files (x86)\windows kits\10\include\10.0.10240.0\ucrt\stdio.h(205): note: zobacz deklarację „fopen”
c:\users\klaudia\desktop\simple opengl image library\src\stb_image_aug.c(3209): warning C4996: 'fopen': This function or variable may be unsafe. Consider using fopen_s instead. To disable deprecation, use _CRT_SECURE_NO_WARNINGS. See online help for details.
  c:\program files (x86)\windows kits\10\include\10.0.10240.0\ucrt\stdio.h(205): note: zobacz deklarację „fopen”
c:\users\klaudia\desktop\simple opengl image library\src\stb_image_aug.c(3548): warning C4996: 'fopen': This function or variable may be unsafe. Consider using fopen_s instead. To disable deprecation, use _CRT_SECURE_NO_WARNINGS. See online help for details.
  c:\program files (x86)\windows kits\10\include\10.0.10240.0\ucrt\stdio.h(205): note: zobacz deklarację „fopen”
c:\users\klaudia\desktop\simple opengl image library\src\stb_image_aug.c(3644): warning C4996: 'fopen': This function or variable may be unsafe. Consider using fopen_s instead. To disable deprecation, use _CRT_SECURE_NO_WARNINGS. See online help for details.
  c:\program files (x86)\windows kits\10\include\10.0.10240.0\ucrt\stdio.h(205): note: zobacz deklarację „fopen”
c:\users\klaudia\desktop\simple opengl image library\src\stbi_dds_aug_c.h(362): warning C4018: ">": niezgodność typu ze znakiem/bez znaku
c:\users\klaudia\desktop\simple opengl image library\src\stbi_dds_aug_c.h(366): warning C4018: ">": niezgodność typu ze znakiem/bez znaku
c:\users\klaudia\desktop\simple opengl image library\src\stbi_dds_aug_c.h(390): warning C4018: "<": niezgodność typu ze znakiem/bez znaku
c:\users\klaudia\desktop\simple opengl image library\src\stbi_dds_aug_c.h(427): warning C4018: "<": niezgodność typu ze znakiem/bez znaku
c:\users\klaudia\desktop\simple opengl image library\src\stbi_dds_aug_c.h(498): warning C4996: 'fopen': This function or variable may be unsafe. Consider using fopen_s instead. To disable deprecation, use _CRT_SECURE_NO_WARNINGS. See online help for details.
  c:\program files (x86)\windows kits\10\include\10.0.10240.0\ucrt\stdio.h(205): note: zobacz deklarację „fopen”
  SOIL.c
c:\users\klaudia\desktop\simple opengl image library\src\soil.c(1719): warning C4018: "<=": niezgodność typu ze znakiem/bez znaku
c:\users\klaudia\desktop\simple opengl image library\src\soil.c(1729): warning C4018: "<": niezgodność typu ze znakiem/bez znaku
c:\users\klaudia\desktop\simple opengl image library\src\soil.c(1841): warning C4996: 'fopen': This function or variable may be unsafe. Consider using fopen_s instead. To disable deprecation, use _CRT_SECURE_NO_WARNINGS. See online help for details.
  c:\program files (x86)\windows kits\10\include\10.0.10240.0\ucrt\stdio.h(205): note: zobacz deklarację „fopen”
  image_helper.c
c:\users\klaudia\desktop\simple opengl image library\src\image_helper.c(325): warning C4244: "inicjowanie": konwersja z "double" do "float", możliwa utrata danych
c:\users\klaudia\desktop\simple opengl image library\src\image_helper.c(366): warning C4244: "=": konwersja z "double" do "float", możliwa utrata danych
c:\users\klaudia\desktop\simple opengl image library\src\image_helper.c(373): warning C4244: "=": konwersja z "float" do "int", możliwa utrata danych
c:\users\klaudia\desktop\simple opengl image library\src\image_helper.c(415): warning C4244: "=": konwersja z "double" do "float", możliwa utrata danych
c:\users\klaudia\desktop\simple opengl image library\src\image_helper.c(422): warning C4244: "=": konwersja z "float" do "int", możliwa utrata danych
  image_DXT.c
c:\users\klaudia\desktop\simple opengl image library\src\image_dxt.c(92): warning C4996: 'fopen': This function or variable may be unsafe. Consider using fopen_s instead. To disable deprecation, use _CRT_SECURE_NO_WARNINGS. See online help for details.
  c:\program files (x86)\windows kits\10\include\10.0.10240.0\ucrt\stdio.h(205): note: zobacz deklarację „fopen”
  Generowanie kodu...
  SOIL.vcxproj -> C:\Users\Klaudia\Desktop\Simple OpenGL Image Library\projects\VC8\Debug\SOIL.lib
